<?xml version="1.0" encoding="UTF-8"?>
<robot generator="Robot 4.1.3 (Python 3.7.5 on win32)" generated="20220317 20:46:17.515" rpa="false" schemaversion="2">
<suite id="s1" name="Robot Interactive Console" source="c:\Users\Amal.Babu\.vscode\extensions\robocorp.robotframework-lsp-0.42.0\src\robotframework_ls\vendored\robotframework_interactive\robot_interactive_console.robot">
<test id="s1-t1" name="Default Task/Test">
<kw name="Interpreter Main Loop" library="MainLoop">
<kw name="Get Secret">
<var>${secret_FolderNames}=</var>
<arg>FolderNames</arg>
<msg timestamp="20220317 20:46:31.195" level="FAIL">No keyword with name 'Get Secret' found.</msg>
<status status="FAIL" starttime="20220317 20:46:31.195" endtime="20220317 20:46:31.196"/>
</kw>
<kw name="Get Secret" library="RPA.Robocloud.Secrets">
<var>${secret_FolderNames}</var>
<arg>FolderNames</arg>
<doc>Read a secret from the configured source, e.g. Robocorp Vault,
and return it as a ``Secret`` object.</doc>
<status status="PASS" starttime="20220317 20:46:41.729" endtime="20220317 20:46:41.732"/>
</kw>
<kw name="Log to Console ${secret_FolderNames}[OutputFolderName]">
<msg timestamp="20220317 20:47:30.574" level="FAIL">No keyword with name 'Log to Console ${secret_FolderNames}[OutputFolderName]' found.</msg>
<status status="FAIL" starttime="20220317 20:47:30.574" endtime="20220317 20:47:30.574"/>
</kw>
<kw name="Log to Console ${secret_FolderNames}">
<msg timestamp="20220317 20:47:40.558" level="FAIL">No keyword with name 'Log to Console ${secret_FolderNames}' found.</msg>
<status status="FAIL" starttime="20220317 20:47:40.557" endtime="20220317 20:47:40.558"/>
</kw>
<kw name="Log To Console" library="BuiltIn">
<arg>${secret_FolderNames}</arg>
<doc>Logs the given message to the console.</doc>
<status status="PASS" starttime="20220317 20:47:51.924" endtime="20220317 20:47:51.924"/>
</kw>
<kw name="Log To Console" library="BuiltIn">
<arg>${secret_FolderNames}[OutputFolderName]</arg>
<doc>Logs the given message to the console.</doc>
<status status="PASS" starttime="20220317 20:48:10.389" endtime="20220317 20:48:10.389"/>
</kw>
<kw name="${secret_FolderNames}[OutputFolderName]">
<var>${dataItem}=</var>
<msg timestamp="20220317 20:48:37.220" level="FAIL">No keyword with name '${secret_FolderNames}[OutputFolderName]' found.</msg>
<status status="FAIL" starttime="20220317 20:48:37.220" endtime="20220317 20:48:37.221"/>
</kw>
<kw name="Set Variable" library="BuiltIn">
<var>${dataItem}</var>
<arg>${secret_FolderNames}[OutputFolderName]</arg>
<doc>Returns the given values which can then be assigned to a variables.</doc>
<msg timestamp="20220317 20:48:48.692" level="INFO">${dataItem} = Output</msg>
<status status="PASS" starttime="20220317 20:48:48.691" endtime="20220317 20:48:48.692"/>
</kw>
<status status="PASS" starttime="20220317 20:46:17.561" endtime="20220317 21:03:31.729"/>
</kw>
<status status="PASS" starttime="20220317 20:46:17.560" endtime="20220317 21:03:31.730"/>
</test>
<status status="PASS" starttime="20220317 20:46:17.515" endtime="20220317 21:03:31.731"/>
</suite>
<statistics>
<total>
<stat pass="1" fail="0" skip="0">All Tests</stat>
</total>
<tag>
</tag>
<suite>
<stat pass="1" fail="0" skip="0" id="s1" name="Robot Interactive Console">Robot Interactive Console</stat>
</suite>
</statistics>
<errors>
</errors>
</robot>
